# JRE version: Java(TM) SE Runtime Environment (22.0.1+8) (build 22.0.1+8-16)
# Java VM: Java HotSpot(TM) 64-Bit Server VM (22.0.1+8-16, mixed mode, sharing, tiered, compressed oops, compressed class ptrs, g1 gc, bsd-aarch64)
GC Precious Log:
 CardTable entry size: 512
 Card Set container configuration: InlinePtr #cards 5 size 8 Array Of Cards #cards 12 size 40 Howl #buckets 4 coarsen threshold 1843 Howl Bitmap #cards 512 size 80 coarsen threshold 460 Card regions per heap region 1 cards per card region 2048
 CPUs: 8 total, 8 available
 Memory: 16384M
 Large Page Support: Disabled
 NUMA Support: Disabled
 Compressed Oops: Enabled (Zero based)
 Heap Region Size: 1M
 Heap Min Capacity: 8M
 Heap Initial Capacity: 256M
 Heap Max Capacity: 1G
 Pre-touch: Disabled
 Parallel Workers: 8
 Concurrent Workers: 2
 Concurrent Refinement Workers: 8
 Periodic GC: Disabled
Heap:
 garbage-first heap   total reserved 1048576K, committed 184320K, used 152002K [0x00000007c0000000, 0x0000000800000000)
  region size 1024K, 77 young (78848K), 10 survivors (10240K)
 Metaspace       used 10839K, committed 11072K, reserved 1114112K
  class space    used 1671K, committed 1728K, reserved 1048576K
GC Heap History (20 events):
Event: 1.083 GC heap before
{Heap before GC invocations=28 (full 12):
 garbage-first heap   total reserved 1048576K, committed 92160K, used 44461K [0x00000007c0000000, 0x0000000800000000)
  region size 1024K, 19 young (19456K), 5 survivors (5120K)
 Metaspace       used 9039K, committed 9280K, reserved 1114112K
  class space    used 1377K, committed 1472K, reserved 1048576K
}
Event: 1.108 GC heap after
{Heap after GC invocations=29 (full 13):
 garbage-first heap   total reserved 1048576K, committed 92160K, used 31171K [0x00000007c0000000, 0x0000000800000000)
  region size 1024K, 0 young (0K), 0 survivors (0K)
 Metaspace       used 9039K, committed 9280K, reserved 1114112K
  class space    used 1377K, committed 1472K, reserved 1048576K
}
Event: 1.167 GC heap before
{Heap before GC invocations=29 (full 13):
 garbage-first heap   total reserved 1048576K, committed 92160K, used 70083K [0x00000007c0000000, 0x0000000800000000)
  region size 1024K, 31 young (31744K), 0 survivors (0K)
 Metaspace       used 9042K, committed 9280K, reserved 1114112K
  class space    used 1377K, committed 1472K, reserved 1048576K
}
Event: 1.175 GC heap after
{Heap after GC invocations=30 (full 13):
 garbage-first heap   total reserved 1048576K, committed 92160K, used 47875K [0x00000007c0000000, 0x0000000800000000)
  region size 1024K, 6 young (6144K), 6 survivors (6144K)
 Metaspace       used 9042K, committed 9280K, reserved 1114112K
  class space    used 1377K, committed 1472K, reserved 1048576K
}
Event: 1.253 GC heap before
{Heap before GC invocations=31 (full 13):
 garbage-first heap   total reserved 1048576K, committed 92160K, used 77571K [0x00000007c0000000, 0x0000000800000000)
  region size 1024K, 33 young (33792K), 6 survivors (6144K)
 Metaspace       used 9733K, committed 9920K, reserved 1114112K
  class space    used 1503K, committed 1600K, reserved 1048576K
}
Event: 1.263 GC heap after
{Heap after GC invocations=32 (full 13):
 garbage-first heap   total reserved 1048576K, committed 92160K, used 54319K [0x00000007c0000000, 0x0000000800000000)
  region size 1024K, 5 young (5120K), 5 survivors (5120K)
 Metaspace       used 9733K, committed 9920K, reserved 1114112K
  class space    used 1503K, committed 1600K, reserved 1048576K
}
Event: 1.328 GC heap before
{Heap before GC invocations=32 (full 13):
 garbage-first heap   total reserved 1048576K, committed 92160K, used 78895K [0x00000007c0000000, 0x0000000800000000)
  region size 1024K, 28 young (28672K), 5 survivors (5120K)
 Metaspace       used 10482K, committed 10688K, reserved 1114112K
  class space    used 1607K, committed 1728K, reserved 1048576K
}
Event: 1.336 GC heap after
{Heap after GC invocations=33 (full 13):
 garbage-first heap   total reserved 1048576K, committed 92160K, used 59478K [0x00000007c0000000, 0x0000000800000000)
  region size 1024K, 4 young (4096K), 4 survivors (4096K)
 Metaspace       used 10482K, committed 10688K, reserved 1114112K
  class space    used 1607K, committed 1728K, reserved 1048576K
}
Event: 1.355 GC heap before
{Heap before GC invocations=33 (full 13):
 garbage-first heap   total reserved 1048576K, committed 92160K, used 79958K [0x00000007c0000000, 0x0000000800000000)
  region size 1024K, 24 young (24576K), 4 survivors (4096K)
 Metaspace       used 10515K, committed 10752K, reserved 1114112K
  class space    used 1607K, committed 1728K, reserved 1048576K
}
Event: 1.361 GC heap after
{Heap after GC invocations=34 (full 13):
 garbage-first heap   total reserved 1048576K, committed 276480K, used 62358K [0x00000007c0000000, 0x0000000800000000)
  region size 1024K, 3 young (3072K), 3 survivors (3072K)
 Metaspace       used 10515K, committed 10752K, reserved 1114112K
  class space    used 1607K, committed 1728K, reserved 1048576K
}
Event: 1.387 GC heap before
{Heap before GC invocations=35 (full 13):
 garbage-first heap   total reserved 1048576K, committed 184320K, used 81588K [0x00000007c0000000, 0x0000000800000000)
  region size 1024K, 30 young (30720K), 3 survivors (3072K)
 Metaspace       used 10517K, committed 10752K, reserved 1114112K
  class space    used 1607K, committed 1728K, reserved 1048576K
}
Event: 1.407 GC heap after
{Heap after GC invocations=36 (full 14):
 garbage-first heap   total reserved 1048576K, committed 184320K, used 52451K [0x00000007c0000000, 0x0000000800000000)
  region size 1024K, 0 young (0K), 0 survivors (0K)
 Metaspace       used 10517K, committed 10752K, reserved 1114112K
  class space    used 1607K, committed 1728K, reserved 1048576K
}
Event: 1.505 GC heap before
{Heap before GC invocations=36 (full 14):
 garbage-first heap   total reserved 1048576K, committed 184320K, used 145635K [0x00000007c0000000, 0x0000000800000000)
  region size 1024K, 91 young (93184K), 0 survivors (0K)
 Metaspace       used 10569K, committed 10752K, reserved 1114112K
  class space    used 1637K, committed 1728K, reserved 1048576K
}
Event: 1.513 GC heap after
{Heap after GC invocations=37 (full 14):
 garbage-first heap   total reserved 1048576K, committed 184320K, used 64739K [0x00000007c0000000, 0x0000000800000000)
  region size 1024K, 12 young (12288K), 12 survivors (12288K)
 Metaspace       used 10569K, committed 10752K, reserved 1114112K
  class space    used 1637K, committed 1728K, reserved 1048576K
}
Event: 1.522 GC heap before
{Heap before GC invocations=37 (full 14):
 garbage-first heap   total reserved 1048576K, committed 184320K, used 79075K [0x00000007c0000000, 0x0000000800000000)
  region size 1024K, 27 young (27648K), 12 survivors (12288K)
 Metaspace       used 10570K, committed 10752K, reserved 1114112K
  class space    used 1637K, committed 1728K, reserved 1048576K
}
Event: 1.549 GC heap after
{Heap after GC invocations=38 (full 15):
 garbage-first heap   total reserved 1048576K, committed 184320K, used 64995K [0x00000007c0000000, 0x0000000800000000)
  region size 1024K, 0 young (0K), 0 survivors (0K)
 Metaspace       used 10570K, committed 10752K, reserved 1114112K
  class space    used 1637K, committed 1728K, reserved 1048576K
}
Event: 1.592 GC heap before
{Heap before GC invocations=38 (full 15):
 garbage-first heap   total reserved 1048576K, committed 184320K, used 143843K [0x00000007c0000000, 0x0000000800000000)
  region size 1024K, 77 young (78848K), 0 survivors (0K)
 Metaspace       used 10573K, committed 10752K, reserved 1114112K
  class space    used 1637K, committed 1728K, reserved 1048576K
}
Event: 1.597 GC heap after
{Heap after GC invocations=39 (full 15):
 garbage-first heap   total reserved 1048576K, committed 184320K, used 75147K [0x00000007c0000000, 0x0000000800000000)
  region size 1024K, 10 young (10240K), 10 survivors (10240K)
 Metaspace       used 10573K, committed 10752K, reserved 1114112K
  class space    used 1637K, committed 1728K, reserved 1048576K
}
Event: 1.641 GC heap before
{Heap before GC invocations=39 (full 15):
 garbage-first heap   total reserved 1048576K, committed 184320K, used 149899K [0x00000007c0000000, 0x0000000800000000)
  region size 1024K, 83 young (84992K), 10 survivors (10240K)
 Metaspace       used 10573K, committed 10752K, reserved 1114112K
  class space    used 1637K, committed 1728K, reserved 1048576K
}
Event: 1.649 GC heap after
{Heap after GC invocations=40 (full 15):
 garbage-first heap   total reserved 1048576K, committed 184320K, used 84418K [0x00000007c0000000, 0x0000000800000000)
  region size 1024K, 10 young (10240K), 10 survivors (10240K)
 Metaspace       used 10573K, committed 10752K, reserved 1114112K
  class space    used 1637K, committed 1728K, reserved 1048576K
}

