# JRE version: Java(TM) SE Runtime Environment (22.0.1+8) (build 22.0.1+8-16)
# Java VM: Java HotSpot(TM) 64-Bit Server VM (22.0.1+8-16, mixed mode, sharing, tiered, compressed oops, compressed class ptrs, g1 gc, bsd-aarch64)
GC Precious Log:
 CardTable entry size: 512
 Card Set container configuration: InlinePtr #cards 5 size 8 Array Of Cards #cards 12 size 40 Howl #buckets 4 coarsen threshold 1843 Howl Bitmap #cards 512 size 80 coarsen threshold 460 Card regions per heap region 1 cards per card region 2048
 CPUs: 8 total, 8 available
 Memory: 16384M
 Large Page Support: Disabled
 NUMA Support: Disabled
 Compressed Oops: Enabled (Zero based)
 Heap Region Size: 1M
 Heap Min Capacity: 8M
 Heap Initial Capacity: 256M
 Heap Max Capacity: 1G
 Pre-touch: Disabled
 Parallel Workers: 8
 Concurrent Workers: 2
 Concurrent Refinement Workers: 8
 Periodic GC: Disabled
Heap:
 garbage-first heap   total reserved 1048576K, committed 219136K, used 149618K [0x00000007c0000000, 0x0000000800000000)
  region size 1024K, 71 young (72704K), 0 survivors (0K)
 Metaspace       used 10847K, committed 11136K, reserved 1114112K
  class space    used 1677K, committed 1792K, reserved 1048576K
GC Heap History (20 events):
Event: 1.057 GC heap before
{Heap before GC invocations=30 (full 12):
 garbage-first heap   total reserved 1048576K, committed 112640K, used 107519K [0x00000007c0000000, 0x0000000800000000)
  region size 1024K, 59 young (60416K), 0 survivors (0K)
 Metaspace       used 9745K, committed 9984K, reserved 1114112K
  class space    used 1503K, committed 1600K, reserved 1048576K
}
Event: 1.073 GC heap after
{Heap after GC invocations=31 (full 12):
 garbage-first heap   total reserved 1048576K, committed 123904K, used 60812K [0x00000007c0000000, 0x0000000800000000)
  region size 1024K, 8 young (8192K), 8 survivors (8192K)
 Metaspace       used 9745K, committed 9984K, reserved 1114112K
  class space    used 1503K, committed 1600K, reserved 1048576K
}
Event: 1.083 GC heap before
{Heap before GC invocations=31 (full 12):
 garbage-first heap   total reserved 1048576K, committed 123904K, used 61836K [0x00000007c0000000, 0x0000000800000000)
  region size 1024K, 10 young (10240K), 8 survivors (8192K)
 Metaspace       used 9966K, committed 10176K, reserved 1114112K
  class space    used 1538K, committed 1600K, reserved 1048576K
}
Event: 1.109 GC heap after
{Heap after GC invocations=32 (full 13):
 garbage-first heap   total reserved 1048576K, committed 123904K, used 45500K [0x00000007c0000000, 0x0000000800000000)
  region size 1024K, 0 young (0K), 0 survivors (0K)
 Metaspace       used 9966K, committed 10176K, reserved 1114112K
  class space    used 1538K, committed 1600K, reserved 1048576K
}
Event: 1.187 GC heap before
{Heap before GC invocations=32 (full 13):
 garbage-first heap   total reserved 1048576K, committed 123904K, used 96700K [0x00000007c0000000, 0x0000000800000000)
  region size 1024K, 50 young (51200K), 0 survivors (0K)
 Metaspace       used 10491K, committed 10752K, reserved 1114112K
  class space    used 1607K, committed 1728K, reserved 1048576K
}
Event: 1.194 GC heap after
{Heap after GC invocations=33 (full 13):
 garbage-first heap   total reserved 1048576K, committed 123904K, used 52668K [0x00000007c0000000, 0x0000000800000000)
  region size 1024K, 7 young (7168K), 7 survivors (7168K)
 Metaspace       used 10491K, committed 10752K, reserved 1114112K
  class space    used 1607K, committed 1728K, reserved 1048576K
}
Event: 1.205 GC heap before
{Heap before GC invocations=33 (full 13):
 garbage-first heap   total reserved 1048576K, committed 123904K, used 68028K [0x00000007c0000000, 0x0000000800000000)
  region size 1024K, 23 young (23552K), 7 survivors (7168K)
 Metaspace       used 10491K, committed 10752K, reserved 1114112K
  class space    used 1607K, committed 1728K, reserved 1048576K
}
Event: 1.241 GC heap after
{Heap after GC invocations=34 (full 14):
 garbage-first heap   total reserved 1048576K, committed 123904K, used 54026K [0x00000007c0000000, 0x0000000800000000)
  region size 1024K, 0 young (0K), 0 survivors (0K)
 Metaspace       used 10491K, committed 10752K, reserved 1114112K
  class space    used 1607K, committed 1728K, reserved 1048576K
}
Event: 1.293 GC heap before
{Heap before GC invocations=34 (full 14):
 garbage-first heap   total reserved 1048576K, committed 123904K, used 103178K [0x00000007c0000000, 0x0000000800000000)
  region size 1024K, 48 young (49152K), 0 survivors (0K)
 Metaspace       used 10491K, committed 10752K, reserved 1114112K
  class space    used 1607K, committed 1728K, reserved 1048576K
}
Event: 1.301 GC heap after
{Heap after GC invocations=35 (full 14):
 garbage-first heap   total reserved 1048576K, committed 123904K, used 60816K [0x00000007c0000000, 0x0000000800000000)
  region size 1024K, 6 young (6144K), 6 survivors (6144K)
 Metaspace       used 10491K, committed 10752K, reserved 1114112K
  class space    used 1607K, committed 1728K, reserved 1048576K
}
Event: 1.337 GC heap before
{Heap before GC invocations=35 (full 14):
 garbage-first heap   total reserved 1048576K, committed 123904K, used 106896K [0x00000007c0000000, 0x0000000800000000)
  region size 1024K, 51 young (52224K), 6 survivors (6144K)
 Metaspace       used 10572K, committed 10752K, reserved 1114112K
  class space    used 1638K, committed 1728K, reserved 1048576K
}
Event: 1.348 GC heap after
{Heap after GC invocations=36 (full 14):
 garbage-first heap   total reserved 1048576K, committed 371712K, used 66314K [0x00000007c0000000, 0x0000000800000000)
  region size 1024K, 6 young (6144K), 6 survivors (6144K)
 Metaspace       used 10572K, committed 10752K, reserved 1114112K
  class space    used 1638K, committed 1728K, reserved 1048576K
}
Event: 1.357 GC heap before
{Heap before GC invocations=36 (full 14):
 garbage-first heap   total reserved 1048576K, committed 371712K, used 79626K [0x00000007c0000000, 0x0000000800000000)
  region size 1024K, 20 young (20480K), 6 survivors (6144K)
 Metaspace       used 10573K, committed 10752K, reserved 1114112K
  class space    used 1638K, committed 1728K, reserved 1048576K
}
Event: 1.377 GC heap after
{Heap after GC invocations=37 (full 15):
 garbage-first heap   total reserved 1048576K, committed 219136K, used 61891K [0x00000007c0000000, 0x0000000800000000)
  region size 1024K, 0 young (0K), 0 survivors (0K)
 Metaspace       used 10573K, committed 10752K, reserved 1114112K
  class space    used 1638K, committed 1728K, reserved 1048576K
}
Event: 1.387 GC heap before
{Heap before GC invocations=37 (full 15):
 garbage-first heap   total reserved 1048576K, committed 219136K, used 81347K [0x00000007c0000000, 0x0000000800000000)
  region size 1024K, 20 young (20480K), 0 survivors (0K)
 Metaspace       used 10575K, committed 10752K, reserved 1114112K
  class space    used 1638K, committed 1728K, reserved 1048576K
}
Event: 1.408 GC heap after
{Heap after GC invocations=38 (full 16):
 garbage-first heap   total reserved 1048576K, committed 219136K, used 64184K [0x00000007c0000000, 0x0000000800000000)
  region size 1024K, 0 young (0K), 0 survivors (0K)
 Metaspace       used 10575K, committed 10752K, reserved 1114112K
  class space    used 1638K, committed 1728K, reserved 1048576K
}
Event: 1.463 GC heap before
{Heap before GC invocations=38 (full 16):
 garbage-first heap   total reserved 1048576K, committed 219136K, used 163512K [0x00000007c0000000, 0x0000000800000000)
  region size 1024K, 97 young (99328K), 0 survivors (0K)
 Metaspace       used 10577K, committed 10752K, reserved 1114112K
  class space    used 1638K, committed 1728K, reserved 1048576K
}
Event: 1.469 GC heap after
{Heap after GC invocations=39 (full 16):
 garbage-first heap   total reserved 1048576K, committed 219136K, used 76472K [0x00000007c0000000, 0x0000000800000000)
  region size 1024K, 12 young (12288K), 12 survivors (12288K)
 Metaspace       used 10577K, committed 10752K, reserved 1114112K
  class space    used 1638K, committed 1728K, reserved 1048576K
}
Event: 1.480 GC heap before
{Heap before GC invocations=39 (full 16):
 garbage-first heap   total reserved 1048576K, committed 219136K, used 95928K [0x00000007c0000000, 0x0000000800000000)
  region size 1024K, 32 young (32768K), 12 survivors (12288K)
 Metaspace       used 10577K, committed 10752K, reserved 1114112K
  class space    used 1638K, committed 1728K, reserved 1048576K
}
Event: 1.512 GC heap after
{Heap after GC invocations=40 (full 17):
 garbage-first heap   total reserved 1048576K, committed 219136K, used 77938K [0x00000007c0000000, 0x0000000800000000)
  region size 1024K, 0 young (0K), 0 survivors (0K)
 Metaspace       used 10577K, committed 10752K, reserved 1114112K
  class space    used 1638K, committed 1728K, reserved 1048576K
}

