# JRE version: Java(TM) SE Runtime Environment (22.0.1+8) (build 22.0.1+8-16)
# Java VM: Java HotSpot(TM) 64-Bit Server VM (22.0.1+8-16, mixed mode, sharing, tiered, compressed oops, compressed class ptrs, g1 gc, bsd-aarch64)
GC Precious Log:
 CardTable entry size: 512
 Card Set container configuration: InlinePtr #cards 5 size 8 Array Of Cards #cards 12 size 40 Howl #buckets 4 coarsen threshold 1843 Howl Bitmap #cards 512 size 80 coarsen threshold 460 Card regions per heap region 1 cards per card region 2048
 CPUs: 8 total, 8 available
 Memory: 16384M
 Large Page Support: Disabled
 NUMA Support: Disabled
 Compressed Oops: Enabled (Zero based)
 Heap Region Size: 1M
 Heap Min Capacity: 8M
 Heap Initial Capacity: 256M
 Heap Max Capacity: 1G
 Pre-touch: Disabled
 Parallel Workers: 8
 Concurrent Workers: 2
 Concurrent Refinement Workers: 8
 Periodic GC: Disabled
Heap:
 garbage-first heap   total reserved 1048576K, committed 281600K, used 131631K [0x00000007c0000000, 0x0000000800000000)
  region size 1024K, 60 young (61440K), 18 survivors (18432K)
 Metaspace       used 10886K, committed 11136K, reserved 1114112K
  class space    used 1677K, committed 1792K, reserved 1048576K
GC Heap History (20 events):
Event: 0.659 GC heap before
{Heap before GC invocations=11 (full 6):
 garbage-first heap   total reserved 1048576K, committed 24576K, used 20802K [0x00000007c0000000, 0x0000000800000000)
  region size 1024K, 10 young (10240K), 0 survivors (0K)
 Metaspace       used 8424K, committed 8640K, reserved 1114112K
  class space    used 1256K, committed 1344K, reserved 1048576K
}
Event: 0.661 GC heap after
{Heap after GC invocations=12 (full 6):
 garbage-first heap   total reserved 1048576K, committed 24576K, used 12868K [0x00000007c0000000, 0x0000000800000000)
  region size 1024K, 2 young (2048K), 2 survivors (2048K)
 Metaspace       used 8424K, committed 8640K, reserved 1114112K
  class space    used 1256K, committed 1344K, reserved 1048576K
}
Event: 0.665 GC heap before
{Heap before GC invocations=12 (full 6):
 garbage-first heap   total reserved 1048576K, committed 24576K, used 13892K [0x00000007c0000000, 0x0000000800000000)
  region size 1024K, 4 young (4096K), 2 survivors (2048K)
 Metaspace       used 8427K, committed 8640K, reserved 1114112K
  class space    used 1256K, committed 1344K, reserved 1048576K
}
Event: 0.667 GC heap after
{Heap after GC invocations=13 (full 6):
 garbage-first heap   total reserved 1048576K, committed 24576K, used 13528K [0x00000007c0000000, 0x0000000800000000)
  region size 1024K, 1 young (1024K), 1 survivors (1024K)
 Metaspace       used 8427K, committed 8640K, reserved 1114112K
  class space    used 1256K, committed 1344K, reserved 1048576K
}
Event: 0.671 GC heap before
{Heap before GC invocations=13 (full 6):
 garbage-first heap   total reserved 1048576K, committed 24576K, used 17624K [0x00000007c0000000, 0x0000000800000000)
  region size 1024K, 1 young (1024K), 1 survivors (1024K)
 Metaspace       used 8427K, committed 8640K, reserved 1114112K
  class space    used 1256K, committed 1344K, reserved 1048576K
}
Event: 0.681 GC heap after
{Heap after GC invocations=14 (full 7):
 garbage-first heap   total reserved 1048576K, committed 25600K, used 15113K [0x00000007c0000000, 0x0000000800000000)
  region size 1024K, 0 young (0K), 0 survivors (0K)
 Metaspace       used 8427K, committed 8640K, reserved 1114112K
  class space    used 1256K, committed 1344K, reserved 1048576K
}
Event: 0.694 GC heap before
{Heap before GC invocations=14 (full 7):
 garbage-first heap   total reserved 1048576K, committed 25600K, used 21257K [0x00000007c0000000, 0x0000000800000000)
  region size 1024K, 6 young (6144K), 0 survivors (0K)
 Metaspace       used 8439K, committed 8640K, reserved 1114112K
  class space    used 1256K, committed 1344K, reserved 1048576K
}
Event: 0.697 GC heap after
{Heap after GC invocations=15 (full 7):
 garbage-first heap   total reserved 1048576K, committed 144384K, used 16750K [0x00000007c0000000, 0x0000000800000000)
  region size 1024K, 1 young (1024K), 1 survivors (1024K)
 Metaspace       used 8439K, committed 8640K, reserved 1114112K
  class space    used 1256K, committed 1344K, reserved 1048576K
}
Event: 0.850 GC heap before
{Heap before GC invocations=15 (full 7):
 garbage-first heap   total reserved 1048576K, committed 144384K, used 100718K [0x00000007c0000000, 0x0000000800000000)
  region size 1024K, 83 young (84992K), 1 survivors (1024K)
 Metaspace       used 8900K, committed 9088K, reserved 1114112K
  class space    used 1331K, committed 1408K, reserved 1048576K
}
Event: 0.860 GC heap after
{Heap after GC invocations=16 (full 7):
 garbage-first heap   total reserved 1048576K, committed 144384K, used 25200K [0x00000007c0000000, 0x0000000800000000)
  region size 1024K, 10 young (10240K), 10 survivors (10240K)
 Metaspace       used 8900K, committed 9088K, reserved 1114112K
  class space    used 1331K, committed 1408K, reserved 1048576K
}
Event: 0.935 GC heap before
{Heap before GC invocations=16 (full 7):
 garbage-first heap   total reserved 1048576K, committed 144384K, used 102000K [0x00000007c0000000, 0x0000000800000000)
  region size 1024K, 84 young (86016K), 10 survivors (10240K)
 Metaspace       used 9056K, committed 9280K, reserved 1114112K
  class space    used 1377K, committed 1472K, reserved 1048576K
}
Event: 0.941 GC heap after
{Heap after GC invocations=17 (full 7):
 garbage-first heap   total reserved 1048576K, committed 144384K, used 27936K [0x00000007c0000000, 0x0000000800000000)
  region size 1024K, 8 young (8192K), 8 survivors (8192K)
 Metaspace       used 9056K, committed 9280K, reserved 1114112K
  class space    used 1377K, committed 1472K, reserved 1048576K
}
Event: 1.031 GC heap before
{Heap before GC invocations=17 (full 7):
 garbage-first heap   total reserved 1048576K, committed 144384K, used 117024K [0x00000007c0000000, 0x0000000800000000)
  region size 1024K, 84 young (86016K), 8 survivors (8192K)
 Metaspace       used 9058K, committed 9280K, reserved 1114112K
  class space    used 1377K, committed 1472K, reserved 1048576K
}
Event: 1.038 GC heap after
{Heap after GC invocations=18 (full 7):
 garbage-first heap   total reserved 1048576K, committed 144384K, used 43251K [0x00000007c0000000, 0x0000000800000000)
  region size 1024K, 9 young (9216K), 9 survivors (9216K)
 Metaspace       used 9058K, committed 9280K, reserved 1114112K
  class space    used 1377K, committed 1472K, reserved 1048576K
}
Event: 1.190 GC heap before
{Heap before GC invocations=18 (full 7):
 garbage-first heap   total reserved 1048576K, committed 144384K, used 120051K [0x00000007c0000000, 0x0000000800000000)
  region size 1024K, 83 young (84992K), 9 survivors (9216K)
 Metaspace       used 10528K, committed 10752K, reserved 1114112K
  class space    used 1607K, committed 1728K, reserved 1048576K
}
Event: 1.203 GC heap after
{Heap after GC invocations=19 (full 7):
 garbage-first heap   total reserved 1048576K, committed 281600K, used 55049K [0x00000007c0000000, 0x0000000800000000)
  region size 1024K, 11 young (11264K), 11 survivors (11264K)
 Metaspace       used 10528K, committed 10752K, reserved 1114112K
  class space    used 1607K, committed 1728K, reserved 1048576K
}
Event: 1.341 GC heap before
{Heap before GC invocations=19 (full 7):
 garbage-first heap   total reserved 1048576K, committed 281600K, used 212745K [0x00000007c0000000, 0x0000000800000000)
  region size 1024K, 165 young (168960K), 11 survivors (11264K)
 Metaspace       used 10612K, committed 10816K, reserved 1114112K
  class space    used 1638K, committed 1728K, reserved 1048576K
}
Event: 1.352 GC heap after
{Heap after GC invocations=20 (full 7):
 garbage-first heap   total reserved 1048576K, committed 281600K, used 71235K [0x00000007c0000000, 0x0000000800000000)
  region size 1024K, 16 young (16384K), 16 survivors (16384K)
 Metaspace       used 10612K, committed 10816K, reserved 1114112K
  class space    used 1638K, committed 1728K, reserved 1048576K
}
Event: 1.448 GC heap before
{Heap before GC invocations=20 (full 7):
 garbage-first heap   total reserved 1048576K, committed 281600K, used 223811K [0x00000007c0000000, 0x0000000800000000)
  region size 1024K, 165 young (168960K), 16 survivors (16384K)
 Metaspace       used 10615K, committed 10816K, reserved 1114112K
  class space    used 1638K, committed 1728K, reserved 1048576K
}
Event: 1.459 GC heap after
{Heap after GC invocations=21 (full 7):
 garbage-first heap   total reserved 1048576K, committed 281600K, used 89647K [0x00000007c0000000, 0x0000000800000000)
  region size 1024K, 18 young (18432K), 18 survivors (18432K)
 Metaspace       used 10615K, committed 10816K, reserved 1114112K
  class space    used 1638K, committed 1728K, reserved 1048576K
}

