# JRE version: Java(TM) SE Runtime Environment (22.0.1+8) (build 22.0.1+8-16)
# Java VM: Java HotSpot(TM) 64-Bit Server VM (22.0.1+8-16, mixed mode, sharing, tiered, compressed oops, compressed class ptrs, g1 gc, bsd-aarch64)
GC Precious Log:
 CardTable entry size: 512
 Card Set container configuration: InlinePtr #cards 5 size 8 Array Of Cards #cards 12 size 40 Howl #buckets 4 coarsen threshold 1843 Howl Bitmap #cards 512 size 80 coarsen threshold 460 Card regions per heap region 1 cards per card region 2048
 CPUs: 8 total, 8 available
 Memory: 16384M
 Large Page Support: Disabled
 NUMA Support: Disabled
 Compressed Oops: Enabled (Zero based)
 Heap Region Size: 1M
 Heap Min Capacity: 8M
 Heap Initial Capacity: 256M
 Heap Max Capacity: 1G
 Pre-touch: Disabled
 Parallel Workers: 8
 Concurrent Workers: 2
 Concurrent Refinement Workers: 8
 Periodic GC: Disabled
Heap:
 garbage-first heap   total reserved 1048576K, committed 229376K, used 87110K [0x00000007c0000000, 0x0000000800000000)
  region size 1024K, 13 young (13312K), 12 survivors (12288K)
 Metaspace       used 10851K, committed 11072K, reserved 1114112K
  class space    used 1671K, committed 1728K, reserved 1048576K
GC Heap History (20 events):
Event: 1.061 GC heap before
{Heap before GC invocations=29 (full 14):
 garbage-first heap   total reserved 1048576K, committed 96256K, used 37323K [0x00000007c0000000, 0x0000000800000000)
  region size 1024K, 8 young (8192K), 6 survivors (6144K)
 Metaspace       used 9056K, committed 9280K, reserved 1114112K
  class space    used 1377K, committed 1472K, reserved 1048576K
}
Event: 1.095 GC heap after
{Heap after GC invocations=30 (full 15):
 garbage-first heap   total reserved 1048576K, committed 96256K, used 35899K [0x00000007c0000000, 0x0000000800000000)
  region size 1024K, 0 young (0K), 0 survivors (0K)
 Metaspace       used 9056K, committed 9280K, reserved 1114112K
  class space    used 1377K, committed 1472K, reserved 1048576K
}
Event: 1.129 GC heap before
{Heap before GC invocations=30 (full 15):
 garbage-first heap   total reserved 1048576K, committed 96256K, used 57403K [0x00000007c0000000, 0x0000000800000000)
  region size 1024K, 16 young (16384K), 0 survivors (0K)
 Metaspace       used 9058K, committed 9280K, reserved 1114112K
  class space    used 1377K, committed 1472K, reserved 1048576K
}
Event: 1.135 GC heap after
{Heap after GC invocations=31 (full 15):
 garbage-first heap   total reserved 1048576K, committed 96256K, used 48144K [0x00000007c0000000, 0x0000000800000000)
  region size 1024K, 6 young (6144K), 6 survivors (6144K)
 Metaspace       used 9058K, committed 9280K, reserved 1114112K
  class space    used 1377K, committed 1472K, reserved 1048576K
}
Event: 1.135 GC heap before
{Heap before GC invocations=31 (full 15):
 garbage-first heap   total reserved 1048576K, committed 96256K, used 50192K [0x00000007c0000000, 0x0000000800000000)
  region size 1024K, 6 young (6144K), 6 survivors (6144K)
 Metaspace       used 9058K, committed 9280K, reserved 1114112K
  class space    used 1377K, committed 1472K, reserved 1048576K
}
Event: 1.139 GC heap after
{Heap after GC invocations=32 (full 15):
 garbage-first heap   total reserved 1048576K, committed 96256K, used 49903K [0x00000007c0000000, 0x0000000800000000)
  region size 1024K, 0 young (0K), 0 survivors (0K)
 Metaspace       used 9058K, committed 9280K, reserved 1114112K
  class space    used 1377K, committed 1472K, reserved 1048576K
}
Event: 1.214 GC heap before
{Heap before GC invocations=33 (full 15):
 garbage-first heap   total reserved 1048576K, committed 96256K, used 72431K [0x00000007c0000000, 0x0000000800000000)
  region size 1024K, 26 young (26624K), 0 survivors (0K)
 Metaspace       used 9743K, committed 9984K, reserved 1114112K
  class space    used 1503K, committed 1600K, reserved 1048576K
}
Event: 1.220 GC heap after
{Heap after GC invocations=34 (full 15):
 garbage-first heap   total reserved 1048576K, committed 96256K, used 51259K [0x00000007c0000000, 0x0000000800000000)
  region size 1024K, 4 young (4096K), 4 survivors (4096K)
 Metaspace       used 9743K, committed 9984K, reserved 1114112K
  class space    used 1503K, committed 1600K, reserved 1048576K
}
Event: 1.286 GC heap before
{Heap before GC invocations=34 (full 15):
 garbage-first heap   total reserved 1048576K, committed 96256K, used 77883K [0x00000007c0000000, 0x0000000800000000)
  region size 1024K, 30 young (30720K), 4 survivors (4096K)
 Metaspace       used 10501K, committed 10752K, reserved 1114112K
  class space    used 1607K, committed 1728K, reserved 1048576K
}
Event: 1.295 GC heap after
{Heap after GC invocations=35 (full 15):
 garbage-first heap   total reserved 1048576K, committed 288768K, used 54083K [0x00000007c0000000, 0x0000000800000000)
  region size 1024K, 4 young (4096K), 4 survivors (4096K)
 Metaspace       used 10501K, committed 10752K, reserved 1114112K
  class space    used 1607K, committed 1728K, reserved 1048576K
}
Event: 1.422 GC heap before
{Heap before GC invocations=35 (full 15):
 garbage-first heap   total reserved 1048576K, committed 288768K, used 187203K [0x00000007c0000000, 0x0000000800000000)
  region size 1024K, 134 young (137216K), 4 survivors (4096K)
 Metaspace       used 10607K, committed 10816K, reserved 1114112K
  class space    used 1637K, committed 1728K, reserved 1048576K
}
Event: 1.435 GC heap after
{Heap after GC invocations=36 (full 15):
 garbage-first heap   total reserved 1048576K, committed 288768K, used 70020K [0x00000007c0000000, 0x0000000800000000)
  region size 1024K, 17 young (17408K), 17 survivors (17408K)
 Metaspace       used 10607K, committed 10816K, reserved 1114112K
  class space    used 1637K, committed 1728K, reserved 1048576K
}
Event: 1.444 GC heap before
{Heap before GC invocations=36 (full 15):
 garbage-first heap   total reserved 1048576K, committed 288768K, used 87428K [0x00000007c0000000, 0x0000000800000000)
  region size 1024K, 35 young (35840K), 17 survivors (17408K)
 Metaspace       used 10610K, committed 10816K, reserved 1114112K
  class space    used 1637K, committed 1728K, reserved 1048576K
}
Event: 1.464 GC heap after
{Heap after GC invocations=37 (full 16):
 garbage-first heap   total reserved 1048576K, committed 229376K, used 64712K [0x00000007c0000000, 0x0000000800000000)
  region size 1024K, 0 young (0K), 0 survivors (0K)
 Metaspace       used 10610K, committed 10816K, reserved 1114112K
  class space    used 1637K, committed 1728K, reserved 1048576K
}
Event: 1.520 GC heap before
{Heap before GC invocations=37 (full 16):
 garbage-first heap   total reserved 1048576K, committed 229376K, used 168136K [0x00000007c0000000, 0x0000000800000000)
  region size 1024K, 101 young (103424K), 0 survivors (0K)
 Metaspace       used 10610K, committed 10816K, reserved 1114112K
  class space    used 1637K, committed 1728K, reserved 1048576K
}
Event: 1.527 GC heap after
{Heap after GC invocations=38 (full 16):
 garbage-first heap   total reserved 1048576K, committed 229376K, used 78024K [0x00000007c0000000, 0x0000000800000000)
  region size 1024K, 13 young (13312K), 13 survivors (13312K)
 Metaspace       used 10610K, committed 10816K, reserved 1114112K
  class space    used 1637K, committed 1728K, reserved 1048576K
}
Event: 1.537 GC heap before
{Heap before GC invocations=38 (full 16):
 garbage-first heap   total reserved 1048576K, committed 229376K, used 95432K [0x00000007c0000000, 0x0000000800000000)
  region size 1024K, 31 young (31744K), 13 survivors (13312K)
 Metaspace       used 10611K, committed 10816K, reserved 1114112K
  class space    used 1637K, committed 1728K, reserved 1048576K
}
Event: 1.563 GC heap after
{Heap after GC invocations=39 (full 17):
 garbage-first heap   total reserved 1048576K, committed 229376K, used 74822K [0x00000007c0000000, 0x0000000800000000)
  region size 1024K, 0 young (0K), 0 survivors (0K)
 Metaspace       used 10611K, committed 10816K, reserved 1114112K
  class space    used 1637K, committed 1728K, reserved 1048576K
}
Event: 1.653 GC heap before
{Heap before GC invocations=39 (full 17):
 garbage-first heap   total reserved 1048576K, committed 229376K, used 178246K [0x00000007c0000000, 0x0000000800000000)
  region size 1024K, 101 young (103424K), 0 survivors (0K)
 Metaspace       used 10823K, committed 11072K, reserved 1114112K
  class space    used 1665K, committed 1728K, reserved 1048576K
}
Event: 1.659 GC heap after
{Heap after GC invocations=40 (full 17):
 garbage-first heap   total reserved 1048576K, committed 229376K, used 87110K [0x00000007c0000000, 0x0000000800000000)
  region size 1024K, 12 young (12288K), 12 survivors (12288K)
 Metaspace       used 10823K, committed 11072K, reserved 1114112K
  class space    used 1665K, committed 1728K, reserved 1048576K
}

